nohup: ignoring input
WARNING:__main__:Redis não disponível - cache de API desabilitado
/home/kxyx/projects/voto-db/backend/main_db.py:86: DeprecationWarning: 
        on_event is deprecated, use lifespan event handlers instead.

        Read more about it in the
        [FastAPI docs for Lifespan Events](https://fastapi.tiangolo.com/advanced/events/).
        
  @app.on_event("startup")
INFO:     Started server process [23620]
INFO:     Waiting for application startup.
INFO:database.connection:Database connection test successful
INFO:__main__:Database connection successful
INFO:database.connection:Database tables created successfully
INFO:database.connection:Database initialized successfully
INFO:__main__:Database initialized
INFO:     Application startup complete.
INFO:     Uvicorn running on http://0.0.0.0:8000 (Press CTRL+C to quit)
Database integration enabled
INFO:     127.0.0.1:35748 - "GET /deputados?nome=nikolas HTTP/1.1" 200 OK
INFO:__main__:Background update: Fetching deputados from API (nome=nikolas, partido=None, uf=None)
INFO:__main__:Background update completed: 1 deputados updated
INFO:__main__:Getting voting history from database for deputy 209787
INFO:__main__:No votes in database for deputy 209787, trying API fallback
INFO:     127.0.0.1:55942 - "GET /deputados/209787/votacoes?limit=5 HTTP/1.1" 200 OK
INFO:     Shutting down
INFO:     Waiting for application shutdown.
INFO:     Application shutdown complete.
INFO:     Finished server process [23620]
