nohup: ignoring input
WARNING:__main__:Redis não disponível - cache de API desabilitado
/home/kxyx/projects/voto-db/backend/main_db.py:86: DeprecationWarning: 
        on_event is deprecated, use lifespan event handlers instead.

        Read more about it in the
        [FastAPI docs for Lifespan Events](https://fastapi.tiangolo.com/advanced/events/).
        
  @app.on_event("startup")
INFO:     Started server process [50191]
INFO:     Waiting for application startup.
INFO:database.connection:Database connection test successful
INFO:__main__:Database connection successful
INFO:database.connection:Database tables created successfully
INFO:database.connection:Database initialized successfully
INFO:__main__:Database initialized
INFO:     Application startup complete.
INFO:     Uvicorn running on http://0.0.0.0:8000 (Press CTRL+C to quit)
INFO:     Shutting down
INFO:     Waiting for application shutdown.
INFO:     Application shutdown complete.
INFO:     Finished server process [50191]
